# JRE version: OpenJDK Runtime Environment (8.0_262-b10) (build 1.8.0_262-internal-b10)
# Java VM: OpenJDK 64-Bit Server VM (25.262-b10 mixed mode bsd-amd64 compressed oops)
Heap:
 PSYoungGen      total 173056K, used 23617K [0x000000076ab00000, 0x000000077ab80000, 0x00000007c0000000)
  eden space 160768K, 7% used [0x000000076ab00000,0x000000076b610a00,0x0000000774800000)
  from space 12288K, 99% used [0x0000000774800000,0x00000007753ffad0,0x0000000775400000)
  to   space 15360K, 0% used [0x0000000779c80000,0x0000000779c80000,0x000000077ab80000)
 ParOldGen       total 152576K, used 17395K [0x00000006c0000000, 0x00000006c9500000, 0x000000076ab00000)
  object space 152576K, 11% used [0x00000006c0000000,0x00000006c10fcd40,0x00000006c9500000)
 Metaspace       used 48266K, capacity 51526K, committed 51632K, reserved 1093632K
  class space    used 6706K, capacity 7290K, committed 7344K, reserved 1048576K
GC Heap History (10 events):
Event: 1.990 GC heap before
{Heap before GC invocations=5 (full 1):
 PSYoungGen      total 76288K, used 65536K [0x000000076ab00000, 0x0000000774000000, 0x00000007c0000000)
  eden space 65536K, 100% used [0x000000076ab00000,0x000000076eb00000,0x000000076eb00000)
  from space 10752K, 0% used [0x000000076eb00000,0x000000076eb00000,0x000000076f580000)
  to   space 10752K, 0% used [0x0000000773580000,0x0000000773580000,0x0000000774000000)
 ParOldGen       total 100352K, used 8152K [0x00000006c0000000, 0x00000006c6200000, 0x000000076ab00000)
  object space 100352K, 8% used [0x00000006c0000000,0x00000006c07f6168,0x00000006c6200000)
 Metaspace       used 24019K, capacity 25130K, committed 25392K, reserved 1071104K
  class space    used 3109K, capacity 3360K, committed 3376K, reserved 1048576K
Event: 1.997 GC heap after
Heap after GC invocations=5 (full 1):
 PSYoungGen      total 111104K, used 7435K [0x000000076ab00000, 0x0000000773d00000, 0x00000007c0000000)
  eden space 103424K, 0% used [0x000000076ab00000,0x000000076ab00000,0x0000000771000000)
  from space 7680K, 96% used [0x0000000773580000,0x0000000773cc2ef0,0x0000000773d00000)
  to   space 10752K, 0% used [0x0000000772800000,0x0000000772800000,0x0000000773280000)
 ParOldGen       total 100352K, used 8160K [0x00000006c0000000, 0x00000006c6200000, 0x000000076ab00000)
  object space 100352K, 8% used [0x00000006c0000000,0x00000006c07f8168,0x00000006c6200000)
 Metaspace       used 24019K, capacity 25130K, committed 25392K, reserved 1071104K
  class space    used 3109K, capacity 3360K, committed 3376K, reserved 1048576K
}
Event: 3.080 GC heap before
{Heap before GC invocations=6 (full 1):
 PSYoungGen      total 111104K, used 110859K [0x000000076ab00000, 0x0000000773d00000, 0x00000007c0000000)
  eden space 103424K, 100% used [0x000000076ab00000,0x0000000771000000,0x0000000771000000)
  from space 7680K, 96% used [0x0000000773580000,0x0000000773cc2ef0,0x0000000773d00000)
  to   space 10752K, 0% used [0x0000000772800000,0x0000000772800000,0x0000000773280000)
 ParOldGen       total 100352K, used 8160K [0x00000006c0000000, 0x00000006c6200000, 0x000000076ab00000)
  object space 100352K, 8% used [0x00000006c0000000,0x00000006c07f8168,0x00000006c6200000)
 Metaspace       used 31706K, capacity 33284K, committed 33584K, reserved 1079296K
  class space    used 4252K, capacity 4573K, committed 4656K, reserved 1048576K
Event: 3.095 GC heap after
Heap after GC invocations=6 (full 1):
 PSYoungGen      total 138752K, used 10733K [0x000000076ab00000, 0x0000000776080000, 0x00000007c0000000)
  eden space 128000K, 0% used [0x000000076ab00000,0x000000076ab00000,0x0000000772800000)
  from space 10752K, 99% used [0x0000000772800000,0x000000077327b7e0,0x0000000773280000)
  to   space 12800K, 0% used [0x0000000775400000,0x0000000775400000,0x0000000776080000)
 ParOldGen       total 100352K, used 10476K [0x00000006c0000000, 0x00000006c6200000, 0x000000076ab00000)
  object space 100352K, 10% used [0x00000006c0000000,0x00000006c0a3b030,0x00000006c6200000)
 Metaspace       used 31706K, capacity 33284K, committed 33584K, reserved 1079296K
  class space    used 4252K, capacity 4573K, committed 4656K, reserved 1048576K
}
Event: 3.351 GC heap before
{Heap before GC invocations=7 (full 1):
 PSYoungGen      total 138752K, used 41782K [0x000000076ab00000, 0x0000000776080000, 0x00000007c0000000)
  eden space 128000K, 24% used [0x000000076ab00000,0x000000076c9521f0,0x0000000772800000)
  from space 10752K, 99% used [0x0000000772800000,0x000000077327b7e0,0x0000000773280000)
  to   space 12800K, 0% used [0x0000000775400000,0x0000000775400000,0x0000000776080000)
 ParOldGen       total 100352K, used 10476K [0x00000006c0000000, 0x00000006c6200000, 0x000000076ab00000)
  object space 100352K, 10% used [0x00000006c0000000,0x00000006c0a3b030,0x00000006c6200000)
 Metaspace       used 33622K, capacity 35374K, committed 35496K, reserved 1079296K
  class space    used 4505K, capacity 4832K, committed 4912K, reserved 1048576K
Event: 3.359 GC heap after
Heap after GC invocations=7 (full 1):
 PSYoungGen      total 173568K, used 9096K [0x000000076ab00000, 0x0000000778800000, 0x00000007c0000000)
  eden space 160768K, 0% used [0x000000076ab00000,0x000000076ab00000,0x0000000774800000)
  from space 12800K, 71% used [0x0000000775400000,0x0000000775ce21a8,0x0000000776080000)
  to   space 12288K, 0% used [0x0000000774800000,0x0000000774800000,0x0000000775400000)
 ParOldGen       total 100352K, used 10484K [0x00000006c0000000, 0x00000006c6200000, 0x000000076ab00000)
  object space 100352K, 10% used [0x00000006c0000000,0x00000006c0a3d030,0x00000006c6200000)
 Metaspace       used 33622K, capacity 35374K, committed 35496K, reserved 1079296K
  class space    used 4505K, capacity 4832K, committed 4912K, reserved 1048576K
}
Event: 3.359 GC heap before
{Heap before GC invocations=8 (full 2):
 PSYoungGen      total 173568K, used 9096K [0x000000076ab00000, 0x0000000778800000, 0x00000007c0000000)
  eden space 160768K, 0% used [0x000000076ab00000,0x000000076ab00000,0x0000000774800000)
  from space 12800K, 71% used [0x0000000775400000,0x0000000775ce21a8,0x0000000776080000)
  to   space 12288K, 0% used [0x0000000774800000,0x0000000774800000,0x0000000775400000)
 ParOldGen       total 100352K, used 10484K [0x00000006c0000000, 0x00000006c6200000, 0x000000076ab00000)
  object space 100352K, 10% used [0x00000006c0000000,0x00000006c0a3d030,0x00000006c6200000)
 Metaspace       used 33622K, capacity 35374K, committed 35496K, reserved 1079296K
  class space    used 4505K, capacity 4832K, committed 4912K, reserved 1048576K
Event: 3.408 GC heap after
Heap after GC invocations=8 (full 2):
 PSYoungGen      total 173568K, used 0K [0x000000076ab00000, 0x0000000778800000, 0x00000007c0000000)
  eden space 160768K, 0% used [0x000000076ab00000,0x000000076ab00000,0x0000000774800000)
  from space 12800K, 0% used [0x0000000775400000,0x0000000775400000,0x0000000776080000)
  to   space 12288K, 0% used [0x0000000774800000,0x0000000774800000,0x0000000775400000)
 ParOldGen       total 152576K, used 13329K [0x00000006c0000000, 0x00000006c9500000, 0x000000076ab00000)
  object space 152576K, 8% used [0x00000006c0000000,0x00000006c0d044a8,0x00000006c9500000)
 Metaspace       used 33622K, capacity 35374K, committed 35496K, reserved 1079296K
  class space    used 4505K, capacity 4832K, committed 4912K, reserved 1048576K
}
Event: 26.822 GC heap before
{Heap before GC invocations=9 (full 2):
 PSYoungGen      total 173568K, used 160768K [0x000000076ab00000, 0x0000000778800000, 0x00000007c0000000)
  eden space 160768K, 100% used [0x000000076ab00000,0x0000000774800000,0x0000000774800000)
  from space 12800K, 0% used [0x0000000775400000,0x0000000775400000,0x0000000776080000)
  to   space 12288K, 0% used [0x0000000774800000,0x0000000774800000,0x0000000775400000)
 ParOldGen       total 152576K, used 13329K [0x00000006c0000000, 0x00000006c9500000, 0x000000076ab00000)
  object space 152576K, 8% used [0x00000006c0000000,0x00000006c0d044a8,0x00000006c9500000)
 Metaspace       used 47336K, capacity 50490K, committed 50736K, reserved 1093632K
  class space    used 6564K, capacity 7116K, committed 7216K, reserved 1048576K
Event: 26.838 GC heap after
Heap after GC invocations=9 (full 2):
 PSYoungGen      total 173056K, used 12286K [0x000000076ab00000, 0x000000077ab80000, 0x00000007c0000000)
  eden space 160768K, 0% used [0x000000076ab00000,0x000000076ab00000,0x0000000774800000)
  from space 12288K, 99% used [0x0000000774800000,0x00000007753ffad0,0x0000000775400000)
  to   space 15360K, 0% used [0x0000000779c80000,0x0000000779c80000,0x000000077ab80000)
 ParOldGen       total 152576K, used 17395K [0x00000006c0000000, 0x00000006c9500000, 0x000000076ab00000)
  object space 152576K, 11% used [0x00000006c0000000,0x00000006c10fcd40,0x00000006c9500000)
 Metaspace       used 47336K, capacity 50490K, committed 50736K, reserved 1093632K
  class space    used 6564K, capacity 7116K, committed 7216K, reserved 1048576K
}

