# JRE version: OpenJDK Runtime Environment (8.0_262-b10) (build 1.8.0_262-internal-b10)
# Java VM: OpenJDK 64-Bit Server VM (25.262-b10 mixed mode bsd-amd64 compressed oops)
Heap:
 PSYoungGen      total 171008K, used 26537K [0x000000076ab00000, 0x000000077aa00000, 0x00000007c0000000)
  eden space 158720K, 8% used [0x000000076ab00000,0x000000076b8f0f58,0x0000000774600000)
  from space 12288K, 99% used [0x0000000774600000,0x00000007751f96e0,0x0000000775200000)
  to   space 14848K, 0% used [0x0000000779b80000,0x0000000779b80000,0x000000077aa00000)
 ParOldGen       total 148480K, used 15881K [0x00000006c0000000, 0x00000006c9100000, 0x000000076ab00000)
  object space 148480K, 10% used [0x00000006c0000000,0x00000006c0f826d0,0x00000006c9100000)
 Metaspace       used 47478K, capacity 50542K, committed 50608K, reserved 1093632K
  class space    used 6542K, capacity 7088K, committed 7088K, reserved 1048576K
GC Heap History (10 events):
Event: 1.710 GC heap before
{Heap before GC invocations=5 (full 1):
 PSYoungGen      total 76288K, used 65536K [0x000000076ab00000, 0x0000000774000000, 0x00000007c0000000)
  eden space 65536K, 100% used [0x000000076ab00000,0x000000076eb00000,0x000000076eb00000)
  from space 10752K, 0% used [0x000000076eb00000,0x000000076eb00000,0x000000076f580000)
  to   space 10752K, 0% used [0x0000000773580000,0x0000000773580000,0x0000000774000000)
 ParOldGen       total 99328K, used 8289K [0x00000006c0000000, 0x00000006c6100000, 0x000000076ab00000)
  object space 99328K, 8% used [0x00000006c0000000,0x00000006c0818468,0x00000006c6100000)
 Metaspace       used 24022K, capacity 25178K, committed 25392K, reserved 1071104K
  class space    used 3102K, capacity 3352K, committed 3376K, reserved 1048576K
Event: 1.716 GC heap after
Heap after GC invocations=5 (full 1):
 PSYoungGen      total 111104K, used 7271K [0x000000076ab00000, 0x0000000773d00000, 0x00000007c0000000)
  eden space 103424K, 0% used [0x000000076ab00000,0x000000076ab00000,0x0000000771000000)
  from space 7680K, 94% used [0x0000000773580000,0x0000000773c99d48,0x0000000773d00000)
  to   space 10752K, 0% used [0x0000000772800000,0x0000000772800000,0x0000000773280000)
 ParOldGen       total 99328K, used 8297K [0x00000006c0000000, 0x00000006c6100000, 0x000000076ab00000)
  object space 99328K, 8% used [0x00000006c0000000,0x00000006c081a468,0x00000006c6100000)
 Metaspace       used 24022K, capacity 25178K, committed 25392K, reserved 1071104K
  class space    used 3102K, capacity 3352K, committed 3376K, reserved 1048576K
}
Event: 2.713 GC heap before
{Heap before GC invocations=6 (full 1):
 PSYoungGen      total 111104K, used 110695K [0x000000076ab00000, 0x0000000773d00000, 0x00000007c0000000)
  eden space 103424K, 100% used [0x000000076ab00000,0x0000000771000000,0x0000000771000000)
  from space 7680K, 94% used [0x0000000773580000,0x0000000773c99d48,0x0000000773d00000)
  to   space 10752K, 0% used [0x0000000772800000,0x0000000772800000,0x0000000773280000)
 ParOldGen       total 99328K, used 8297K [0x00000006c0000000, 0x00000006c6100000, 0x000000076ab00000)
  object space 99328K, 8% used [0x00000006c0000000,0x00000006c081a468,0x00000006c6100000)
 Metaspace       used 31689K, capacity 33272K, committed 33584K, reserved 1079296K
  class space    used 4248K, capacity 4571K, committed 4656K, reserved 1048576K
Event: 2.723 GC heap after
Heap after GC invocations=6 (full 1):
 PSYoungGen      total 138752K, used 10746K [0x000000076ab00000, 0x0000000775e80000, 0x00000007c0000000)
  eden space 128000K, 0% used [0x000000076ab00000,0x000000076ab00000,0x0000000772800000)
  from space 10752K, 99% used [0x0000000772800000,0x000000077327ea88,0x0000000773280000)
  to   space 12800K, 0% used [0x0000000775200000,0x0000000775200000,0x0000000775e80000)
 ParOldGen       total 99328K, used 10370K [0x00000006c0000000, 0x00000006c6100000, 0x000000076ab00000)
  object space 99328K, 10% used [0x00000006c0000000,0x00000006c0a20978,0x00000006c6100000)
 Metaspace       used 31689K, capacity 33272K, committed 33584K, reserved 1079296K
  class space    used 4248K, capacity 4571K, committed 4656K, reserved 1048576K
}
Event: 2.956 GC heap before
{Heap before GC invocations=7 (full 1):
 PSYoungGen      total 138752K, used 41992K [0x000000076ab00000, 0x0000000775e80000, 0x00000007c0000000)
  eden space 128000K, 24% used [0x000000076ab00000,0x000000076c983950,0x0000000772800000)
  from space 10752K, 99% used [0x0000000772800000,0x000000077327ea88,0x0000000773280000)
  to   space 12800K, 0% used [0x0000000775200000,0x0000000775200000,0x0000000775e80000)
 ParOldGen       total 99328K, used 10370K [0x00000006c0000000, 0x00000006c6100000, 0x000000076ab00000)
  object space 99328K, 10% used [0x00000006c0000000,0x00000006c0a20978,0x00000006c6100000)
 Metaspace       used 33622K, capacity 35358K, committed 35496K, reserved 1079296K
  class space    used 4503K, capacity 4828K, committed 4912K, reserved 1048576K
Event: 2.964 GC heap after
Heap after GC invocations=7 (full 1):
 PSYoungGen      total 171520K, used 8938K [0x000000076ab00000, 0x0000000778380000, 0x00000007c0000000)
  eden space 158720K, 0% used [0x000000076ab00000,0x000000076ab00000,0x0000000774600000)
  from space 12800K, 69% used [0x0000000775200000,0x0000000775abaa40,0x0000000775e80000)
  to   space 12288K, 0% used [0x0000000774600000,0x0000000774600000,0x0000000775200000)
 ParOldGen       total 99328K, used 10378K [0x00000006c0000000, 0x00000006c6100000, 0x000000076ab00000)
  object space 99328K, 10% used [0x00000006c0000000,0x00000006c0a22978,0x00000006c6100000)
 Metaspace       used 33622K, capacity 35358K, committed 35496K, reserved 1079296K
  class space    used 4503K, capacity 4828K, committed 4912K, reserved 1048576K
}
Event: 2.964 GC heap before
{Heap before GC invocations=8 (full 2):
 PSYoungGen      total 171520K, used 8938K [0x000000076ab00000, 0x0000000778380000, 0x00000007c0000000)
  eden space 158720K, 0% used [0x000000076ab00000,0x000000076ab00000,0x0000000774600000)
  from space 12800K, 69% used [0x0000000775200000,0x0000000775abaa40,0x0000000775e80000)
  to   space 12288K, 0% used [0x0000000774600000,0x0000000774600000,0x0000000775200000)
 ParOldGen       total 99328K, used 10378K [0x00000006c0000000, 0x00000006c6100000, 0x000000076ab00000)
  object space 99328K, 10% used [0x00000006c0000000,0x00000006c0a22978,0x00000006c6100000)
 Metaspace       used 33622K, capacity 35358K, committed 35496K, reserved 1079296K
  class space    used 4503K, capacity 4828K, committed 4912K, reserved 1048576K
Event: 3.008 GC heap after
Heap after GC invocations=8 (full 2):
 PSYoungGen      total 171520K, used 0K [0x000000076ab00000, 0x0000000778380000, 0x00000007c0000000)
  eden space 158720K, 0% used [0x000000076ab00000,0x000000076ab00000,0x0000000774600000)
  from space 12800K, 0% used [0x0000000775200000,0x0000000775200000,0x0000000775e80000)
  to   space 12288K, 0% used [0x0000000774600000,0x0000000774600000,0x0000000775200000)
 ParOldGen       total 148480K, used 13354K [0x00000006c0000000, 0x00000006c9100000, 0x000000076ab00000)
  object space 148480K, 8% used [0x00000006c0000000,0x00000006c0d0aad8,0x00000006c9100000)
 Metaspace       used 33622K, capacity 35358K, committed 35496K, reserved 1079296K
  class space    used 4503K, capacity 4828K, committed 4912K, reserved 1048576K
}
Event: 590.700 GC heap before
{Heap before GC invocations=9 (full 2):
 PSYoungGen      total 171520K, used 158720K [0x000000076ab00000, 0x0000000778380000, 0x00000007c0000000)
  eden space 158720K, 100% used [0x000000076ab00000,0x0000000774600000,0x0000000774600000)
  from space 12800K, 0% used [0x0000000775200000,0x0000000775200000,0x0000000775e80000)
  to   space 12288K, 0% used [0x0000000774600000,0x0000000774600000,0x0000000775200000)
 ParOldGen       total 148480K, used 13354K [0x00000006c0000000, 0x00000006c9100000, 0x000000076ab00000)
  object space 148480K, 8% used [0x00000006c0000000,0x00000006c0d0aad8,0x00000006c9100000)
 Metaspace       used 46398K, capacity 49204K, committed 49456K, reserved 1091584K
  class space    used 6372K, capacity 6891K, committed 6960K, reserved 1048576K
Event: 590.714 GC heap after
Heap after GC invocations=9 (full 2):
 PSYoungGen      total 171008K, used 12261K [0x000000076ab00000, 0x000000077aa00000, 0x00000007c0000000)
  eden space 158720K, 0% used [0x000000076ab00000,0x000000076ab00000,0x0000000774600000)
  from space 12288K, 99% used [0x0000000774600000,0x00000007751f96e0,0x0000000775200000)
  to   space 14848K, 0% used [0x0000000779b80000,0x0000000779b80000,0x000000077aa00000)
 ParOldGen       total 148480K, used 15881K [0x00000006c0000000, 0x00000006c9100000, 0x000000076ab00000)
  object space 148480K, 10% used [0x00000006c0000000,0x00000006c0f826d0,0x00000006c9100000)
 Metaspace       used 46398K, capacity 49204K, committed 49456K, reserved 1091584K
  class space    used 6372K, capacity 6891K, committed 6960K, reserved 1048576K
}

