# JRE version: OpenJDK Runtime Environment (8.0_262-b10) (build 1.8.0_262-internal-b10)
# Java VM: OpenJDK 64-Bit Server VM (25.262-b10 mixed mode bsd-amd64 compressed oops)
Heap:
 PSYoungGen      total 236544K, used 149475K [0x000000076ab00000, 0x000000077a400000, 0x00000007c0000000)
  eden space 224768K, 66% used [0x000000076ab00000,0x0000000773cf8d38,0x0000000778680000)
  from space 11776K, 0% used [0x0000000779880000,0x0000000779880000,0x000000077a400000)
  to   space 13824K, 0% used [0x0000000778900000,0x0000000778900000,0x0000000779680000)
 ParOldGen       total 122368K, used 15893K [0x00000006c0000000, 0x00000006c7780000, 0x000000076ab00000)
  object space 122368K, 12% used [0x00000006c0000000,0x00000006c0f855e0,0x00000006c7780000)
 Metaspace       used 46868K, capacity 49862K, committed 50096K, reserved 1091584K
  class space    used 6490K, capacity 7020K, committed 7088K, reserved 1048576K
GC Heap History (10 events):
Event: 1.245 GC heap before
{Heap before GC invocations=4 (full 0):
 PSYoungGen      total 76288K, used 13727K [0x000000076ab00000, 0x0000000774000000, 0x00000007c0000000)
  eden space 65536K, 7% used [0x000000076ab00000,0x000000076afd8cc8,0x000000076eb00000)
  from space 10752K, 81% used [0x000000076eb00000,0x000000076f38f158,0x000000076f580000)
  to   space 10752K, 0% used [0x0000000773580000,0x0000000773580000,0x0000000774000000)
 ParOldGen       total 175104K, used 32K [0x00000006c0000000, 0x00000006cab00000, 0x000000076ab00000)
  object space 175104K, 0% used [0x00000006c0000000,0x00000006c0008000,0x00000006cab00000)
 Metaspace       used 20731K, capacity 21582K, committed 21628K, reserved 1069056K
  class space    used 2677K, capacity 2858K, committed 2864K, reserved 1048576K
Event: 1.252 GC heap after
Heap after GC invocations=4 (full 0):
 PSYoungGen      total 141824K, used 6930K [0x000000076ab00000, 0x0000000774000000, 0x00000007c0000000)
  eden space 131072K, 0% used [0x000000076ab00000,0x000000076ab00000,0x0000000772b00000)
  from space 10752K, 64% used [0x0000000773580000,0x0000000773c449f0,0x0000000774000000)
  to   space 10752K, 0% used [0x0000000772b00000,0x0000000772b00000,0x0000000773580000)
 ParOldGen       total 175104K, used 40K [0x00000006c0000000, 0x00000006cab00000, 0x000000076ab00000)
  object space 175104K, 0% used [0x00000006c0000000,0x00000006c000a000,0x00000006cab00000)
 Metaspace       used 20731K, capacity 21582K, committed 21628K, reserved 1069056K
  class space    used 2677K, capacity 2858K, committed 2864K, reserved 1048576K
}
Event: 1.252 GC heap before
{Heap before GC invocations=5 (full 1):
 PSYoungGen      total 141824K, used 6930K [0x000000076ab00000, 0x0000000774000000, 0x00000007c0000000)
  eden space 131072K, 0% used [0x000000076ab00000,0x000000076ab00000,0x0000000772b00000)
  from space 10752K, 64% used [0x0000000773580000,0x0000000773c449f0,0x0000000774000000)
  to   space 10752K, 0% used [0x0000000772b00000,0x0000000772b00000,0x0000000773580000)
 ParOldGen       total 175104K, used 40K [0x00000006c0000000, 0x00000006cab00000, 0x000000076ab00000)
  object space 175104K, 0% used [0x00000006c0000000,0x00000006c000a000,0x00000006cab00000)
 Metaspace       used 20731K, capacity 21582K, committed 21628K, reserved 1069056K
  class space    used 2677K, capacity 2858K, committed 2864K, reserved 1048576K
Event: 1.279 GC heap after
Heap after GC invocations=5 (full 1):
 PSYoungGen      total 141824K, used 0K [0x000000076ab00000, 0x0000000774000000, 0x00000007c0000000)
  eden space 131072K, 0% used [0x000000076ab00000,0x000000076ab00000,0x0000000772b00000)
  from space 10752K, 0% used [0x0000000773580000,0x0000000773580000,0x0000000774000000)
  to   space 10752K, 0% used [0x0000000772b00000,0x0000000772b00000,0x0000000773580000)
 ParOldGen       total 86528K, used 6735K [0x00000006c0000000, 0x00000006c5480000, 0x000000076ab00000)
  object space 86528K, 7% used [0x00000006c0000000,0x00000006c0693fb8,0x00000006c5480000)
 Metaspace       used 20731K, capacity 21582K, committed 21628K, reserved 1069056K
  class space    used 2677K, capacity 2858K, committed 2864K, reserved 1048576K
}
Event: 2.478 GC heap before
{Heap before GC invocations=6 (full 1):
 PSYoungGen      total 141824K, used 131072K [0x000000076ab00000, 0x0000000774000000, 0x00000007c0000000)
  eden space 131072K, 100% used [0x000000076ab00000,0x0000000772b00000,0x0000000772b00000)
  from space 10752K, 0% used [0x0000000773580000,0x0000000773580000,0x0000000774000000)
  to   space 10752K, 0% used [0x0000000772b00000,0x0000000772b00000,0x0000000773580000)
 ParOldGen       total 86528K, used 6735K [0x00000006c0000000, 0x00000006c5480000, 0x000000076ab00000)
  object space 86528K, 7% used [0x00000006c0000000,0x00000006c0693fb8,0x00000006c5480000)
 Metaspace       used 28668K, capacity 30010K, committed 30256K, reserved 1075200K
  class space    used 3776K, capacity 4038K, committed 4144K, reserved 1048576K
Event: 2.491 GC heap after
Heap after GC invocations=6 (full 1):
 PSYoungGen      total 141824K, used 10741K [0x000000076ab00000, 0x000000077a580000, 0x00000007c0000000)
  eden space 131072K, 0% used [0x000000076ab00000,0x000000076ab00000,0x0000000772b00000)
  from space 10752K, 99% used [0x0000000772b00000,0x000000077357d4c8,0x0000000773580000)
  to   space 13312K, 0% used [0x0000000779880000,0x0000000779880000,0x000000077a580000)
 ParOldGen       total 86528K, used 9264K [0x00000006c0000000, 0x00000006c5480000, 0x000000076ab00000)
  object space 86528K, 10% used [0x00000006c0000000,0x00000006c090c180,0x00000006c5480000)
 Metaspace       used 28668K, capacity 30010K, committed 30256K, reserved 1075200K
  class space    used 3776K, capacity 4038K, committed 4144K, reserved 1048576K
}
Event: 3.113 GC heap before
{Heap before GC invocations=7 (full 1):
 PSYoungGen      total 141824K, used 81314K [0x000000076ab00000, 0x000000077a580000, 0x00000007c0000000)
  eden space 131072K, 53% used [0x000000076ab00000,0x000000076efeb360,0x0000000772b00000)
  from space 10752K, 99% used [0x0000000772b00000,0x000000077357d4c8,0x0000000773580000)
  to   space 13312K, 0% used [0x0000000779880000,0x0000000779880000,0x000000077a580000)
 ParOldGen       total 86528K, used 9264K [0x00000006c0000000, 0x00000006c5480000, 0x000000076ab00000)
  object space 86528K, 10% used [0x00000006c0000000,0x00000006c090c180,0x00000006c5480000)
 Metaspace       used 34087K, capacity 35808K, committed 36016K, reserved 1081344K
  class space    used 4584K, capacity 4915K, committed 5040K, reserved 1048576K
Event: 3.124 GC heap after
Heap after GC invocations=7 (full 1):
 PSYoungGen      total 236544K, used 11325K [0x000000076ab00000, 0x000000077a400000, 0x00000007c0000000)
  eden space 224768K, 0% used [0x000000076ab00000,0x000000076ab00000,0x0000000778680000)
  from space 11776K, 96% used [0x0000000779880000,0x000000077a38f478,0x000000077a400000)
  to   space 13824K, 0% used [0x0000000778900000,0x0000000778900000,0x0000000779680000)
 ParOldGen       total 86528K, used 9272K [0x00000006c0000000, 0x00000006c5480000, 0x000000076ab00000)
  object space 86528K, 10% used [0x00000006c0000000,0x00000006c090e180,0x00000006c5480000)
 Metaspace       used 34087K, capacity 35808K, committed 36016K, reserved 1081344K
  class space    used 4584K, capacity 4915K, committed 5040K, reserved 1048576K
}
Event: 3.124 GC heap before
{Heap before GC invocations=8 (full 2):
 PSYoungGen      total 236544K, used 11325K [0x000000076ab00000, 0x000000077a400000, 0x00000007c0000000)
  eden space 224768K, 0% used [0x000000076ab00000,0x000000076ab00000,0x0000000778680000)
  from space 11776K, 96% used [0x0000000779880000,0x000000077a38f478,0x000000077a400000)
  to   space 13824K, 0% used [0x0000000778900000,0x0000000778900000,0x0000000779680000)
 ParOldGen       total 86528K, used 9272K [0x00000006c0000000, 0x00000006c5480000, 0x000000076ab00000)
  object space 86528K, 10% used [0x00000006c0000000,0x00000006c090e180,0x00000006c5480000)
 Metaspace       used 34087K, capacity 35808K, committed 36016K, reserved 1081344K
  class space    used 4584K, capacity 4915K, committed 5040K, reserved 1048576K
Event: 3.174 GC heap after
Heap after GC invocations=8 (full 2):
 PSYoungGen      total 236544K, used 0K [0x000000076ab00000, 0x000000077a400000, 0x00000007c0000000)
  eden space 224768K, 0% used [0x000000076ab00000,0x000000076ab00000,0x0000000778680000)
  from space 11776K, 0% used [0x0000000779880000,0x0000000779880000,0x000000077a400000)
  to   space 13824K, 0% used [0x0000000778900000,0x0000000778900000,0x0000000779680000)
 ParOldGen       total 122368K, used 15893K [0x00000006c0000000, 0x00000006c7780000, 0x000000076ab00000)
  object space 122368K, 12% used [0x00000006c0000000,0x00000006c0f855e0,0x00000006c7780000)
 Metaspace       used 34087K, capacity 35808K, committed 36016K, reserved 1081344K
  class space    used 4584K, capacity 4915K, committed 5040K, reserved 1048576K
}

