# JRE version: OpenJDK Runtime Environment (8.0_262-b10) (build 1.8.0_262-internal-b10)
# Java VM: OpenJDK 64-Bit Server VM (25.262-b10 mixed mode bsd-amd64 compressed oops)
Heap:
 PSYoungGen      total 272896K, used 243110K [0x000000076ab00000, 0x000000077cd00000, 0x00000007c0000000)
  eden space 262144K, 92% used [0x000000076ab00000,0x00000007798698d8,0x000000077ab00000)
  from space 10752K, 0% used [0x000000077ab00000,0x000000077ab00000,0x000000077b580000)
  to   space 14336K, 0% used [0x000000077bf00000,0x000000077bf00000,0x000000077cd00000)
 ParOldGen       total 167936K, used 16567K [0x00000006c0000000, 0x00000006ca400000, 0x000000076ab00000)
  object space 167936K, 9% used [0x00000006c0000000,0x00000006c102dc60,0x00000006ca400000)
 Metaspace       used 48875K, capacity 52194K, committed 52400K, reserved 1093632K
  class space    used 6697K, capacity 7298K, committed 7344K, reserved 1048576K
GC Heap History (10 events):
Event: 1.843 GC heap before
{Heap before GC invocations=3 (full 0):
 PSYoungGen      total 141824K, used 43469K [0x000000076ab00000, 0x0000000774000000, 0x00000007c0000000)
  eden space 131072K, 26% used [0x000000076ab00000,0x000000076ccbe470,0x0000000772b00000)
  from space 10752K, 82% used [0x0000000773580000,0x0000000773e35078,0x0000000774000000)
  to   space 10752K, 0% used [0x0000000772b00000,0x0000000772b00000,0x0000000773580000)
 ParOldGen       total 175104K, used 24K [0x00000006c0000000, 0x00000006cab00000, 0x000000076ab00000)
  object space 175104K, 0% used [0x00000006c0000000,0x00000006c0006000,0x00000006cab00000)
 Metaspace       used 20395K, capacity 21188K, committed 21296K, reserved 1067008K
  class space    used 2644K, capacity 2817K, committed 2864K, reserved 1048576K
Event: 1.854 GC heap after
Heap after GC invocations=3 (full 0):
 PSYoungGen      total 141824K, used 8238K [0x000000076ab00000, 0x000000077c000000, 0x00000007c0000000)
  eden space 131072K, 0% used [0x000000076ab00000,0x000000076ab00000,0x0000000772b00000)
  from space 10752K, 76% used [0x0000000772b00000,0x000000077330b828,0x0000000773580000)
  to   space 10752K, 0% used [0x000000077b580000,0x000000077b580000,0x000000077c000000)
 ParOldGen       total 175104K, used 32K [0x00000006c0000000, 0x00000006cab00000, 0x000000076ab00000)
  object space 175104K, 0% used [0x00000006c0000000,0x00000006c0008000,0x00000006cab00000)
 Metaspace       used 20395K, capacity 21188K, committed 21296K, reserved 1067008K
  class space    used 2644K, capacity 2817K, committed 2864K, reserved 1048576K
}
Event: 1.854 GC heap before
{Heap before GC invocations=4 (full 1):
 PSYoungGen      total 141824K, used 8238K [0x000000076ab00000, 0x000000077c000000, 0x00000007c0000000)
  eden space 131072K, 0% used [0x000000076ab00000,0x000000076ab00000,0x0000000772b00000)
  from space 10752K, 76% used [0x0000000772b00000,0x000000077330b828,0x0000000773580000)
  to   space 10752K, 0% used [0x000000077b580000,0x000000077b580000,0x000000077c000000)
 ParOldGen       total 175104K, used 32K [0x00000006c0000000, 0x00000006cab00000, 0x000000076ab00000)
  object space 175104K, 0% used [0x00000006c0000000,0x00000006c0008000,0x00000006cab00000)
 Metaspace       used 20395K, capacity 21188K, committed 21296K, reserved 1067008K
  class space    used 2644K, capacity 2817K, committed 2864K, reserved 1048576K
Event: 1.912 GC heap after
Heap after GC invocations=4 (full 1):
 PSYoungGen      total 141824K, used 0K [0x000000076ab00000, 0x000000077c000000, 0x00000007c0000000)
  eden space 131072K, 0% used [0x000000076ab00000,0x000000076ab00000,0x0000000772b00000)
  from space 10752K, 0% used [0x0000000772b00000,0x0000000772b00000,0x0000000773580000)
  to   space 10752K, 0% used [0x000000077b580000,0x000000077b580000,0x000000077c000000)
 ParOldGen       total 108032K, used 7921K [0x00000006c0000000, 0x00000006c6980000, 0x000000076ab00000)
  object space 108032K, 7% used [0x00000006c0000000,0x00000006c07bc778,0x00000006c6980000)
 Metaspace       used 20395K, capacity 21188K, committed 21296K, reserved 1067008K
  class space    used 2644K, capacity 2817K, committed 2864K, reserved 1048576K
}
Event: 3.993 GC heap before
{Heap before GC invocations=5 (full 1):
 PSYoungGen      total 141824K, used 131072K [0x000000076ab00000, 0x000000077c000000, 0x00000007c0000000)
  eden space 131072K, 100% used [0x000000076ab00000,0x0000000772b00000,0x0000000772b00000)
  from space 10752K, 0% used [0x0000000772b00000,0x0000000772b00000,0x0000000773580000)
  to   space 10752K, 0% used [0x000000077b580000,0x000000077b580000,0x000000077c000000)
 ParOldGen       total 108032K, used 7921K [0x00000006c0000000, 0x00000006c6980000, 0x000000076ab00000)
  object space 108032K, 7% used [0x00000006c0000000,0x00000006c07bc778,0x00000006c6980000)
 Metaspace       used 28067K, capacity 29378K, committed 29616K, reserved 1075200K
  class space    used 3679K, capacity 3928K, committed 4016K, reserved 1048576K
Event: 4.008 GC heap after
Heap after GC invocations=5 (full 1):
 PSYoungGen      total 198656K, used 10731K [0x000000076ab00000, 0x000000077c000000, 0x00000007c0000000)
  eden space 187904K, 0% used [0x000000076ab00000,0x000000076ab00000,0x0000000776280000)
  from space 10752K, 99% used [0x000000077b580000,0x000000077bffad58,0x000000077c000000)
  to   space 10752K, 0% used [0x000000077ab00000,0x000000077ab00000,0x000000077b580000)
 ParOldGen       total 108032K, used 10752K [0x00000006c0000000, 0x00000006c6980000, 0x000000076ab00000)
  object space 108032K, 9% used [0x00000006c0000000,0x00000006c0a800d0,0x00000006c6980000)
 Metaspace       used 28067K, capacity 29378K, committed 29616K, reserved 1075200K
  class space    used 3679K, capacity 3928K, committed 4016K, reserved 1048576K
}
Event: 5.231 GC heap before
{Heap before GC invocations=6 (full 1):
 PSYoungGen      total 198656K, used 85647K [0x000000076ab00000, 0x000000077c000000, 0x00000007c0000000)
  eden space 187904K, 39% used [0x000000076ab00000,0x000000076f428ef0,0x0000000776280000)
  from space 10752K, 99% used [0x000000077b580000,0x000000077bffad58,0x000000077c000000)
  to   space 10752K, 0% used [0x000000077ab00000,0x000000077ab00000,0x000000077b580000)
 ParOldGen       total 108032K, used 10752K [0x00000006c0000000, 0x00000006c6980000, 0x000000076ab00000)
  object space 108032K, 9% used [0x00000006c0000000,0x00000006c0a800d0,0x00000006c6980000)
 Metaspace       used 33620K, capacity 35358K, committed 35496K, reserved 1079296K
  class space    used 4502K, capacity 4828K, committed 4912K, reserved 1048576K
Event: 5.258 GC heap after
Heap after GC invocations=6 (full 1):
 PSYoungGen      total 272896K, used 10747K [0x000000076ab00000, 0x000000077cd00000, 0x00000007c0000000)
  eden space 262144K, 0% used [0x000000076ab00000,0x000000076ab00000,0x000000077ab00000)
  from space 10752K, 99% used [0x000000077ab00000,0x000000077b57ee40,0x000000077b580000)
  to   space 14336K, 0% used [0x000000077bf00000,0x000000077bf00000,0x000000077cd00000)
 ParOldGen       total 108032K, used 11980K [0x00000006c0000000, 0x00000006c6980000, 0x000000076ab00000)
  object space 108032K, 11% used [0x00000006c0000000,0x00000006c0bb33c0,0x00000006c6980000)
 Metaspace       used 33620K, capacity 35358K, committed 35496K, reserved 1079296K
  class space    used 4502K, capacity 4828K, committed 4912K, reserved 1048576K
}
Event: 5.258 GC heap before
{Heap before GC invocations=7 (full 2):
 PSYoungGen      total 272896K, used 10747K [0x000000076ab00000, 0x000000077cd00000, 0x00000007c0000000)
  eden space 262144K, 0% used [0x000000076ab00000,0x000000076ab00000,0x000000077ab00000)
  from space 10752K, 99% used [0x000000077ab00000,0x000000077b57ee40,0x000000077b580000)
  to   space 14336K, 0% used [0x000000077bf00000,0x000000077bf00000,0x000000077cd00000)
 ParOldGen       total 108032K, used 11980K [0x00000006c0000000, 0x00000006c6980000, 0x000000076ab00000)
  object space 108032K, 11% used [0x00000006c0000000,0x00000006c0bb33c0,0x00000006c6980000)
 Metaspace       used 33620K, capacity 35358K, committed 35496K, reserved 1079296K
  class space    used 4502K, capacity 4828K, committed 4912K, reserved 1048576K
Event: 5.303 GC heap after
Heap after GC invocations=7 (full 2):
 PSYoungGen      total 272896K, used 0K [0x000000076ab00000, 0x000000077cd00000, 0x00000007c0000000)
  eden space 262144K, 0% used [0x000000076ab00000,0x000000076ab00000,0x000000077ab00000)
  from space 10752K, 0% used [0x000000077ab00000,0x000000077ab00000,0x000000077b580000)
  to   space 14336K, 0% used [0x000000077bf00000,0x000000077bf00000,0x000000077cd00000)
 ParOldGen       total 167936K, used 16567K [0x00000006c0000000, 0x00000006ca400000, 0x000000076ab00000)
  object space 167936K, 9% used [0x00000006c0000000,0x00000006c102dc60,0x00000006ca400000)
 Metaspace       used 33620K, capacity 35358K, committed 35496K, reserved 1079296K
  class space    used 4502K, capacity 4828K, committed 4912K, reserved 1048576K
}

