# JRE version: OpenJDK Runtime Environment (8.0_262-b10) (build 1.8.0_262-internal-b10)
# Java VM: OpenJDK 64-Bit Server VM (25.262-b10 mixed mode bsd-amd64 compressed oops)
Heap:
 PSYoungGen      total 159744K, used 42136K [0x000000076ab00000, 0x0000000779280000, 0x00000007c0000000)
  eden space 147456K, 20% used [0x000000076ab00000,0x000000076c8278f0,0x0000000773b00000)
  from space 12288K, 99% used [0x0000000773b00000,0x00000007746fe838,0x0000000774700000)
  to   space 14848K, 0% used [0x0000000778400000,0x0000000778400000,0x0000000779280000)
 ParOldGen       total 161792K, used 16045K [0x00000006c0000000, 0x00000006c9e00000, 0x000000076ab00000)
  object space 161792K, 9% used [0x00000006c0000000,0x00000006c0fab720,0x00000006c9e00000)
 Metaspace       used 48308K, capacity 51578K, committed 51632K, reserved 1093632K
  class space    used 6708K, capacity 7292K, committed 7344K, reserved 1048576K
GC Heap History (10 events):
Event: 2.057 GC heap before
{Heap before GC invocations=5 (full 1):
 PSYoungGen      total 76288K, used 65536K [0x000000076ab00000, 0x0000000774000000, 0x00000007c0000000)
  eden space 65536K, 100% used [0x000000076ab00000,0x000000076eb00000,0x000000076eb00000)
  from space 10752K, 0% used [0x000000076eb00000,0x000000076eb00000,0x000000076f580000)
  to   space 10752K, 0% used [0x0000000773580000,0x0000000773580000,0x0000000774000000)
 ParOldGen       total 103936K, used 7976K [0x00000006c0000000, 0x00000006c6580000, 0x000000076ab00000)
  object space 103936K, 7% used [0x00000006c0000000,0x00000006c07ca148,0x00000006c6580000)
 Metaspace       used 23994K, capacity 25088K, committed 25136K, reserved 1071104K
  class space    used 3095K, capacity 3351K, committed 3376K, reserved 1048576K
Event: 2.066 GC heap after
Heap after GC invocations=5 (full 1):
 PSYoungGen      total 107520K, used 7540K [0x000000076ab00000, 0x0000000773d00000, 0x00000007c0000000)
  eden space 99840K, 0% used [0x000000076ab00000,0x000000076ab00000,0x0000000770c80000)
  from space 7680K, 98% used [0x0000000773580000,0x0000000773cdd098,0x0000000773d00000)
  to   space 10752K, 0% used [0x0000000772800000,0x0000000772800000,0x0000000773280000)
 ParOldGen       total 103936K, used 7984K [0x00000006c0000000, 0x00000006c6580000, 0x000000076ab00000)
  object space 103936K, 7% used [0x00000006c0000000,0x00000006c07cc148,0x00000006c6580000)
 Metaspace       used 23994K, capacity 25088K, committed 25136K, reserved 1071104K
  class space    used 3095K, capacity 3351K, committed 3376K, reserved 1048576K
}
Event: 3.082 GC heap before
{Heap before GC invocations=6 (full 1):
 PSYoungGen      total 107520K, used 107380K [0x000000076ab00000, 0x0000000773d00000, 0x00000007c0000000)
  eden space 99840K, 100% used [0x000000076ab00000,0x0000000770c80000,0x0000000770c80000)
  from space 7680K, 98% used [0x0000000773580000,0x0000000773cdd098,0x0000000773d00000)
  to   space 10752K, 0% used [0x0000000772800000,0x0000000772800000,0x0000000773280000)
 ParOldGen       total 103936K, used 7984K [0x00000006c0000000, 0x00000006c6580000, 0x000000076ab00000)
  object space 103936K, 7% used [0x00000006c0000000,0x00000006c07cc148,0x00000006c6580000)
 Metaspace       used 31369K, capacity 32934K, committed 33072K, reserved 1077248K
  class space    used 4209K, capacity 4534K, committed 4656K, reserved 1048576K
Event: 3.091 GC heap after
Heap after GC invocations=6 (full 1):
 PSYoungGen      total 138752K, used 10747K [0x000000076ab00000, 0x0000000775300000, 0x00000007c0000000)
  eden space 128000K, 0% used [0x000000076ab00000,0x000000076ab00000,0x0000000772800000)
  from space 10752K, 99% used [0x0000000772800000,0x000000077327ee40,0x0000000773280000)
  to   space 12288K, 0% used [0x0000000774700000,0x0000000774700000,0x0000000775300000)
 ParOldGen       total 103936K, used 9931K [0x00000006c0000000, 0x00000006c6580000, 0x000000076ab00000)
  object space 103936K, 9% used [0x00000006c0000000,0x00000006c09b2eb8,0x00000006c6580000)
 Metaspace       used 31369K, capacity 32934K, committed 33072K, reserved 1077248K
  class space    used 4209K, capacity 4534K, committed 4656K, reserved 1048576K
}
Event: 3.379 GC heap before
{Heap before GC invocations=7 (full 1):
 PSYoungGen      total 138752K, used 44222K [0x000000076ab00000, 0x0000000775300000, 0x00000007c0000000)
  eden space 128000K, 26% used [0x000000076ab00000,0x000000076cbb0a20,0x0000000772800000)
  from space 10752K, 99% used [0x0000000772800000,0x000000077327ee40,0x0000000773280000)
  to   space 12288K, 0% used [0x0000000774700000,0x0000000774700000,0x0000000775300000)
 ParOldGen       total 103936K, used 9931K [0x00000006c0000000, 0x00000006c6580000, 0x000000076ab00000)
  object space 103936K, 9% used [0x00000006c0000000,0x00000006c09b2eb8,0x00000006c6580000)
 Metaspace       used 33637K, capacity 35412K, committed 35496K, reserved 1079296K
  class space    used 4502K, capacity 4831K, committed 4912K, reserved 1048576K
Event: 3.386 GC heap after
Heap after GC invocations=7 (full 1):
 PSYoungGen      total 159744K, used 9580K [0x000000076ab00000, 0x0000000777e00000, 0x00000007c0000000)
  eden space 147456K, 0% used [0x000000076ab00000,0x000000076ab00000,0x0000000773b00000)
  from space 12288K, 77% used [0x0000000774700000,0x000000077505b198,0x0000000775300000)
  to   space 12288K, 0% used [0x0000000773b00000,0x0000000773b00000,0x0000000774700000)
 ParOldGen       total 103936K, used 9939K [0x00000006c0000000, 0x00000006c6580000, 0x000000076ab00000)
  object space 103936K, 9% used [0x00000006c0000000,0x00000006c09b4eb8,0x00000006c6580000)
 Metaspace       used 33637K, capacity 35412K, committed 35496K, reserved 1079296K
  class space    used 4502K, capacity 4831K, committed 4912K, reserved 1048576K
}
Event: 3.386 GC heap before
{Heap before GC invocations=8 (full 2):
 PSYoungGen      total 159744K, used 9580K [0x000000076ab00000, 0x0000000777e00000, 0x00000007c0000000)
  eden space 147456K, 0% used [0x000000076ab00000,0x000000076ab00000,0x0000000773b00000)
  from space 12288K, 77% used [0x0000000774700000,0x000000077505b198,0x0000000775300000)
  to   space 12288K, 0% used [0x0000000773b00000,0x0000000773b00000,0x0000000774700000)
 ParOldGen       total 103936K, used 9939K [0x00000006c0000000, 0x00000006c6580000, 0x000000076ab00000)
  object space 103936K, 9% used [0x00000006c0000000,0x00000006c09b4eb8,0x00000006c6580000)
 Metaspace       used 33637K, capacity 35412K, committed 35496K, reserved 1079296K
  class space    used 4502K, capacity 4831K, committed 4912K, reserved 1048576K
Event: 3.432 GC heap after
Heap after GC invocations=8 (full 2):
 PSYoungGen      total 159744K, used 0K [0x000000076ab00000, 0x0000000777e00000, 0x00000007c0000000)
  eden space 147456K, 0% used [0x000000076ab00000,0x000000076ab00000,0x0000000773b00000)
  from space 12288K, 0% used [0x0000000774700000,0x0000000774700000,0x0000000775300000)
  to   space 12288K, 0% used [0x0000000773b00000,0x0000000773b00000,0x0000000774700000)
 ParOldGen       total 161792K, used 13607K [0x00000006c0000000, 0x00000006c9e00000, 0x000000076ab00000)
  object space 161792K, 8% used [0x00000006c0000000,0x00000006c0d49de8,0x00000006c9e00000)
 Metaspace       used 33637K, capacity 35412K, committed 35496K, reserved 1079296K
  class space    used 4502K, capacity 4831K, committed 4912K, reserved 1048576K
}
Event: 46.573 GC heap before
{Heap before GC invocations=9 (full 2):
 PSYoungGen      total 159744K, used 147456K [0x000000076ab00000, 0x0000000777e00000, 0x00000007c0000000)
  eden space 147456K, 100% used [0x000000076ab00000,0x0000000773b00000,0x0000000773b00000)
  from space 12288K, 0% used [0x0000000774700000,0x0000000774700000,0x0000000775300000)
  to   space 12288K, 0% used [0x0000000773b00000,0x0000000773b00000,0x0000000774700000)
 ParOldGen       total 161792K, used 13607K [0x00000006c0000000, 0x00000006c9e00000, 0x000000076ab00000)
  object space 161792K, 8% used [0x00000006c0000000,0x00000006c0d49de8,0x00000006c9e00000)
 Metaspace       used 46034K, capacity 48810K, committed 48944K, reserved 1091584K
  class space    used 6355K, capacity 6872K, committed 6960K, reserved 1048576K
Event: 46.588 GC heap after
Heap after GC invocations=9 (full 2):
 PSYoungGen      total 159744K, used 12282K [0x000000076ab00000, 0x0000000779280000, 0x00000007c0000000)
  eden space 147456K, 0% used [0x000000076ab00000,0x000000076ab00000,0x0000000773b00000)
  from space 12288K, 99% used [0x0000000773b00000,0x00000007746fe838,0x0000000774700000)
  to   space 14848K, 0% used [0x0000000778400000,0x0000000778400000,0x0000000779280000)
 ParOldGen       total 161792K, used 16045K [0x00000006c0000000, 0x00000006c9e00000, 0x000000076ab00000)
  object space 161792K, 9% used [0x00000006c0000000,0x00000006c0fab720,0x00000006c9e00000)
 Metaspace       used 46034K, capacity 48810K, committed 48944K, reserved 1091584K
  class space    used 6355K, capacity 6872K, committed 6960K, reserved 1048576K
}

